2026-02-25 17:49:18,951 - INFO - Binance Futures Testnet client initialized.
2026-02-25 17:49:18,952 - INFO - Placing order: BTCUSDT | BUY | MARKET | 0.001 | None
2026-02-25 17:49:18,952 - ERROR - Order failed: API Secret required for private endpoints
2026-02-25 18:03:15,528 - INFO - Binance Futures Testnet client initialized.
2026-02-25 18:03:15,529 - INFO - Placing order: BTCUSDT | BUY | MARKET | 0.001 | None
2026-02-25 18:03:16,310 - ERROR - Order failed: APIError(code=-1021): Timestamp for this request was 1000ms ahead of the server's time.
2026-02-25 18:04:58,567 - INFO - Client initialized successfully
2026-02-25 18:04:58,568 - INFO - Placing order: BTCUSDT | BUY | MARKET | 0.001 | None
2026-02-25 18:04:59,297 - ERROR - Order failed: APIError(code=-4164): Order's notional must be no smaller than 100 (unless you choose reduce only).
2026-02-25 18:05:45,917 - INFO - Client initialized successfully
2026-02-25 18:05:45,918 - INFO - Placing order: BTCUSDT | BUY | MARKET | 0.002 | None
2026-02-25 18:05:46,594 - INFO - Order Response: {'orderId': 12545911572, 'symbol': 'BTCUSDT', 'status': 'NEW', 'clientOrderId': 'x-Cb7ytekJ263bfd4cc0f1a081c48d22', 'price': '0.00', 'avgPrice': '0.00', 'origQty': '0.002', 'executedQty': '0.000', 'cumQty': '0.000', 'cumQuote': '0.00000', 'timeInForce': 'GTC', 'type': 'MARKET', 'reduceOnly': False, 'closePosition': False, 'side': 'BUY', 'positionSide': 'BOTH', 'stopPrice': '0.00', 'workingType': 'CONTRACT_PRICE', 'priceProtect': False, 'origType': 'MARKET', 'priceMatch': 'NONE', 'selfTradePreventionMode': 'EXPIRE_MAKER', 'goodTillDate': 0, 'updateTime': 1772022944545}
2026-02-25 18:10:11,194 - INFO - Client initialized successfully
2026-02-25 18:10:11,195 - INFO - Placing order: BTCUSDT | BUY | MARKET | 0.002 | None
2026-02-25 18:10:13,408 - ERROR - Order failed: APIError(code=-1000): An unknown error occurred while processing the request.
2026-02-25 18:11:26,222 - INFO - Client initialized successfully
2026-02-25 18:11:26,223 - INFO - Placing order: BTCUSDT | BUY | MARKET | 0.002 | None
2026-02-25 18:11:27,649 - INFO - Order Response: {'orderId': 12545922147, 'symbol': 'BTCUSDT', 'status': 'NEW', 'clientOrderId': 'x-Cb7ytekJ6e9c7de432d529c48eedbc', 'price': '0.00', 'avgPrice': '0.00', 'origQty': '0.002', 'executedQty': '0.000', 'cumQty': '0.000', 'cumQuote': '0.00000', 'timeInForce': 'GTC', 'type': 'MARKET', 'reduceOnly': False, 'closePosition': False, 'side': 'BUY', 'positionSide': 'BOTH', 'stopPrice': '0.00', 'workingType': 'CONTRACT_PRICE', 'priceProtect': False, 'origType': 'MARKET', 'priceMatch': 'NONE', 'selfTradePreventionMode': 'EXPIRE_MAKER', 'goodTillDate': 0, 'updateTime': 1772023285605}
2026-02-25 18:15:03,416 - INFO - Client initialized successfully
2026-02-25 18:15:03,417 - INFO - Placing order: Symbol=BTCUSDT, Side=BUY, Type=MARKET, Quantity=0.002, Price=None
2026-02-25 18:15:04,182 - INFO - Leverage set to 10x for BTCUSDT
2026-02-25 18:15:04,374 - INFO - Initial Order Response: {'orderId': 12545928599, 'symbol': 'BTCUSDT', 'status': 'NEW', 'clientOrderId': 'x-Cb7ytekJ52066b21edb3bbfbf1b11c', 'price': '0.00', 'avgPrice': '0.00', 'origQty': '0.002', 'executedQty': '0.000', 'cumQty': '0.000', 'cumQuote': '0.00000', 'timeInForce': 'GTC', 'type': 'MARKET', 'reduceOnly': False, 'closePosition': False, 'side': 'BUY', 'positionSide': 'BOTH', 'stopPrice': '0.00', 'workingType': 'CONTRACT_PRICE', 'priceProtect': False, 'origType': 'MARKET', 'priceMatch': 'NONE', 'selfTradePreventionMode': 'EXPIRE_MAKER', 'goodTillDate': 0, 'updateTime': 1772023502314}
2026-02-25 18:15:04,522 - ERROR - Binance API Error: Order does not exist.
2026-02-25 18:16:05,262 - INFO - Client initialized successfully
2026-02-25 18:16:05,263 - INFO - Placing order: Symbol=BTCUSDT, Side=BUY, Type=MARKET, Quantity=0.002, Price=None
2026-02-25 18:16:06,012 - INFO - Leverage set to 10x for BTCUSDT
2026-02-25 18:16:06,182 - INFO - Market Order Response: {'orderId': 12545930333, 'symbol': 'BTCUSDT', 'status': 'NEW', 'clientOrderId': 'x-Cb7ytekJdcb304c5eb321bcfbb72db', 'price': '0.00', 'avgPrice': '0.00', 'origQty': '0.002', 'executedQty': '0.000', 'cumQty': '0.000', 'cumQuote': '0.00000', 'timeInForce': 'GTC', 'type': 'MARKET', 'reduceOnly': False, 'closePosition': False, 'side': 'BUY', 'positionSide': 'BOTH', 'stopPrice': '0.00', 'workingType': 'CONTRACT_PRICE', 'priceProtect': False, 'origType': 'MARKET', 'priceMatch': 'NONE', 'selfTradePreventionMode': 'EXPIRE_MAKER', 'goodTillDate': 0, 'updateTime': 1772023564128}
2026-02-25 18:16:19,132 - INFO - Client initialized successfully
2026-02-25 18:16:19,134 - INFO - Placing order: Symbol=BTCUSDT, Side=SELL, Type=LIMIT, Quantity=0.002, Price=90000.0
2026-02-25 18:16:19,772 - INFO - Leverage set to 10x for BTCUSDT
2026-02-25 18:16:19,918 - INFO - Initial Limit Order Response: {'orderId': 12545930814, 'symbol': 'BTCUSDT', 'status': 'NEW', 'clientOrderId': 'x-Cb7ytekJf6a2ebfac0ae46b7055f5a', 'price': '90000.00', 'avgPrice': '0.00', 'origQty': '0.002', 'executedQty': '0.000', 'cumQty': '0.000', 'cumQuote': '0.00000', 'timeInForce': 'GTC', 'type': 'LIMIT', 'reduceOnly': False, 'closePosition': False, 'side': 'SELL', 'positionSide': 'BOTH', 'stopPrice': '0.00', 'workingType': 'CONTRACT_PRICE', 'priceProtect': False, 'origType': 'LIMIT', 'priceMatch': 'NONE', 'selfTradePreventionMode': 'EXPIRE_MAKER', 'goodTillDate': 0, 'updateTime': 1772023577869}
2026-02-25 18:16:20,087 - INFO - Final Limit Order Status: {'orderId': 12545930814, 'symbol': 'BTCUSDT', 'status': 'NEW', 'clientOrderId': 'x-Cb7ytekJf6a2ebfac0ae46b7055f5a', 'price': '90000.00', 'avgPrice': '0.00', 'origQty': '0.002', 'executedQty': '0.000', 'cumQuote': '0.00000', 'timeInForce': 'GTC', 'type': 'LIMIT', 'reduceOnly': False, 'closePosition': False, 'side': 'SELL', 'positionSide': 'BOTH', 'stopPrice': '0.00', 'workingType': 'CONTRACT_PRICE', 'priceProtect': False, 'origType': 'LIMIT', 'priceMatch': 'NONE', 'selfTradePreventionMode': 'EXPIRE_MAKER', 'goodTillDate': 0, 'time': 1772023577869, 'updateTime': 1772023577869}
